<?xml version="1.0" encoding="UTF-8"?>
<testsuite name="Cucumber" time="10.281" tests="1" skipped="0" failures="1" errors="0">
<testcase classname="Registration to Way2automation Website" name="Successful Registration" time="10.128">
<failure type="org.openqa.selenium.InvalidArgumentException" message="invalid argument: File not found : C:/Users/BandileMyeni/OneDrive - oculeit.com/Desktop/Error.jpg
  (Session info: chrome=125.0.6422.61)
Build info: version: '4.16.1', revision: '9b4c83354e'
System info: os.name: 'Windows 11', os.arch: 'amd64', os.version: '10.0', java.version: '22'
Driver info: org.openqa.selenium.chrome.ChromeDriver
Command: [20938ae017a987b7455e4555626ad73d, sendKeysToElement {id=f.D4B441EEAD6FF1D904230718C71904CC.d.41B929CC99C2DC915DB94826189B49DF.e.42, value=[Ljava.lang.CharSequence;@27b71f50}]
Capabilities {acceptInsecureCerts: false, browserName: chrome, browserVersion: 125.0.6422.61, chrome: {chromedriverVersion: 125.0.6422.60 (3ac3319bff9f..., userDataDir: C:\Users\BANDIL~1\AppData\L...}, fedcm:accounts: true, goog:chromeOptions: {debuggerAddress: localhost:52319}, networkConnectionEnabled: false, pageLoadStrategy: normal, platformName: windows, proxy: Proxy(), se:cdp: ws://localhost:52319/devtoo..., se:cdpVersion: 125.0.6422.61, setWindowRect: true, strictFileInteractability: false, timeouts: {implicit: 0, pageLoad: 300000, script: 30000}, unhandledPromptBehavior: dismiss and notify, webauthn:extension:credBlob: true, webauthn:extension:largeBlob: true, webauthn:extension:minPinLength: true, webauthn:extension:prf: true, webauthn:virtualAuthenticators: true}
Element: [[ChromeDriver: chrome on windows (20938ae017a987b7455e4555626ad73d)] -&gt; xpath: //*[@id=&quot;register_form&quot;]/fieldset[9]/input]
Session ID: 20938ae017a987b7455e4555626ad73d">
<![CDATA[org.openqa.selenium.InvalidArgumentException: invalid argument: File not found : C:/Users/BandileMyeni/OneDrive - oculeit.com/Desktop/Error.jpg
  (Session info: chrome=125.0.6422.61)
Build info: version: '4.16.1', revision: '9b4c83354e'
System info: os.name: 'Windows 11', os.arch: 'amd64', os.version: '10.0', java.version: '22'
Driver info: org.openqa.selenium.chrome.ChromeDriver
Command: [20938ae017a987b7455e4555626ad73d, sendKeysToElement {id=f.D4B441EEAD6FF1D904230718C71904CC.d.41B929CC99C2DC915DB94826189B49DF.e.42, value=[Ljava.lang.CharSequence;@27b71f50}]
Capabilities {acceptInsecureCerts: false, browserName: chrome, browserVersion: 125.0.6422.61, chrome: {chromedriverVersion: 125.0.6422.60 (3ac3319bff9f..., userDataDir: C:\Users\BANDIL~1\AppData\L...}, fedcm:accounts: true, goog:chromeOptions: {debuggerAddress: localhost:52319}, networkConnectionEnabled: false, pageLoadStrategy: normal, platformName: windows, proxy: Proxy(), se:cdp: ws://localhost:52319/devtoo..., se:cdpVersion: 125.0.6422.61, setWindowRect: true, strictFileInteractability: false, timeouts: {implicit: 0, pageLoad: 300000, script: 30000}, unhandledPromptBehavior: dismiss and notify, webauthn:extension:credBlob: true, webauthn:extension:largeBlob: true, webauthn:extension:minPinLength: true, webauthn:extension:prf: true, webauthn:virtualAuthenticators: true}
Element: [[ChromeDriver: chrome on windows (20938ae017a987b7455e4555626ad73d)] -> xpath: //*[@id="register_form"]/fieldset[9]/input]
Session ID: 20938ae017a987b7455e4555626ad73d
	at java.base/jdk.internal.reflect.DirectConstructorHandleAccessor.newInstance(DirectConstructorHandleAccessor.java:62)
	at java.base/java.lang.reflect.Constructor.newInstanceWithCaller(Constructor.java:502)
	at java.base/java.lang.reflect.Constructor.newInstance(Constructor.java:486)
	at org.openqa.selenium.remote.codec.w3c.W3CHttpResponseCodec.createException(W3CHttpResponseCodec.java:200)
	at org.openqa.selenium.remote.codec.w3c.W3CHttpResponseCodec.decode(W3CHttpResponseCodec.java:133)
	at org.openqa.selenium.remote.codec.w3c.W3CHttpResponseCodec.decode(W3CHttpResponseCodec.java:52)
	at org.openqa.selenium.remote.HttpCommandExecutor.execute(HttpCommandExecutor.java:191)
	at org.openqa.selenium.remote.service.DriverCommandExecutor.invokeExecute(DriverCommandExecutor.java:200)
	at org.openqa.selenium.remote.service.DriverCommandExecutor.execute(DriverCommandExecutor.java:175)
	at org.openqa.selenium.remote.RemoteWebDriver.execute(RemoteWebDriver.java:523)
	at org.openqa.selenium.remote.RemoteWebElement.execute(RemoteWebElement.java:224)
	at org.openqa.selenium.remote.RemoteWebElement.sendKeys(RemoteWebElement.java:111)
	at Page.RegistrationPage.chooseFile(RegistrationPage.java:81)
	at StepDefinition.RegistrationSteps.user_enters_random_data_entries_for_the_requested_fields_that_meet_the_required_validation(RegistrationSteps.java:36)
	at âœ½.User enters random data entries for the requested fields that meet the required validation(file:///C:/Users/BandileMyeni/IdeaProjects/NedbankAssessment_SeleniumCucumberTests/src/test/java/Feature/Registration.feature:7)
]]>
</failure>
<system-out><![CDATA[
Given User is on the Registration page......................................passed
When User enters random data entries for the requested fields that meet the required validation.failed
Then User clicks submit button..............................................skipped
]]></system-out>
</testcase>
</testsuite>
